{"level":30,"time":1681199428947,"pid":10356,"hostname":"DESKTOP-C3JD2A1","msg":"Server listening at http://127.0.0.1:3000"}
{"level":30,"time":1681199428950,"pid":10356,"hostname":"DESKTOP-C3JD2A1","msg":"Server listening at http://[::1]:3000"}
{"level":30,"time":1681199454630,"pid":10356,"hostname":"DESKTOP-C3JD2A1","reqId":"req-1","req":{"method":"GET","url":"/","hostname":"localhost:3000","remoteAddress":"::1","remotePort":50717},"msg":"incoming request"}
{"level":30,"time":1681199454638,"pid":10356,"hostname":"DESKTOP-C3JD2A1","reqId":"req-1","res":{"statusCode":200},"responseTime":6.010600000619888,"msg":"request completed"}
{"level":30,"time":1681199457880,"pid":10356,"hostname":"DESKTOP-C3JD2A1","reqId":"req-2","req":{"method":"GET","url":"/asdas","hostname":"localhost:3000","remoteAddress":"::1","remotePort":50717},"msg":"incoming request"}
{"level":30,"time":1681199457880,"pid":10356,"hostname":"DESKTOP-C3JD2A1","reqId":"req-2","msg":"Route GET:/asdas not found"}
{"level":30,"time":1681199457881,"pid":10356,"hostname":"DESKTOP-C3JD2A1","reqId":"req-2","res":{"statusCode":404},"responseTime":0.5494000017642975,"msg":"request completed"}
{"level":30,"time":1681199499268,"pid":10356,"hostname":"DESKTOP-C3JD2A1","reqId":"req-3","req":{"method":"GET","url":"/","hostname":"localhost:3000","remoteAddress":"::1","remotePort":50717},"msg":"incoming request"}
{"level":30,"time":1681199499269,"pid":10356,"hostname":"DESKTOP-C3JD2A1","reqId":"req-3","res":{"statusCode":200},"responseTime":0.6160999983549118,"msg":"request completed"}
{"level":30,"time":1681199512408,"pid":10356,"hostname":"DESKTOP-C3JD2A1","reqId":"req-4","req":{"method":"GET","url":"/","hostname":"localhost:3000","remoteAddress":"::1","remotePort":50717},"msg":"incoming request"}
{"level":30,"time":1681199512408,"pid":10356,"hostname":"DESKTOP-C3JD2A1","reqId":"req-4","res":{"statusCode":200},"responseTime":0.43060000240802765,"msg":"request completed"}
{"level":30,"time":1681199512710,"pid":10356,"hostname":"DESKTOP-C3JD2A1","reqId":"req-5","req":{"method":"GET","url":"/","hostname":"localhost:3000","remoteAddress":"::1","remotePort":50717},"msg":"incoming request"}
{"level":30,"time":1681199512710,"pid":10356,"hostname":"DESKTOP-C3JD2A1","reqId":"req-5","res":{"statusCode":200},"responseTime":0.318000003695488,"msg":"request completed"}
{"level":30,"time":1681199512964,"pid":10356,"hostname":"DESKTOP-C3JD2A1","reqId":"req-6","req":{"method":"GET","url":"/","hostname":"localhost:3000","remoteAddress":"::1","remotePort":50717},"msg":"incoming request"}
{"level":30,"time":1681199512965,"pid":10356,"hostname":"DESKTOP-C3JD2A1","reqId":"req-6","res":{"statusCode":200},"responseTime":0.32759998738765717,"msg":"request completed"}
{"level":30,"time":1681199513236,"pid":10356,"hostname":"DESKTOP-C3JD2A1","reqId":"req-7","req":{"method":"GET","url":"/","hostname":"localhost:3000","remoteAddress":"::1","remotePort":50717},"msg":"incoming request"}
{"level":30,"time":1681199513236,"pid":10356,"hostname":"DESKTOP-C3JD2A1","reqId":"req-7","res":{"statusCode":200},"responseTime":0.3402000069618225,"msg":"request completed"}
{"level":30,"time":1681199513485,"pid":10356,"hostname":"DESKTOP-C3JD2A1","reqId":"req-8","req":{"method":"GET","url":"/","hostname":"localhost:3000","remoteAddress":"::1","remotePort":50717},"msg":"incoming request"}
{"level":30,"time":1681199513486,"pid":10356,"hostname":"DESKTOP-C3JD2A1","reqId":"req-8","res":{"statusCode":200},"responseTime":0.7124000042676926,"msg":"request completed"}
{"level":30,"time":1681199513700,"pid":10356,"hostname":"DESKTOP-C3JD2A1","reqId":"req-9","req":{"method":"GET","url":"/","hostname":"localhost:3000","remoteAddress":"::1","remotePort":50717},"msg":"incoming request"}
{"level":30,"time":1681199513701,"pid":10356,"hostname":"DESKTOP-C3JD2A1","reqId":"req-9","res":{"statusCode":200},"responseTime":0.6395999938249588,"msg":"request completed"}
{"level":30,"time":1681199513904,"pid":10356,"hostname":"DESKTOP-C3JD2A1","reqId":"req-a","req":{"method":"GET","url":"/","hostname":"localhost:3000","remoteAddress":"::1","remotePort":50717},"msg":"incoming request"}
{"level":30,"time":1681199513905,"pid":10356,"hostname":"DESKTOP-C3JD2A1","reqId":"req-a","res":{"statusCode":200},"responseTime":0.5089000016450882,"msg":"request completed"}
